android/app/build/intermediates/manifest_merge_blame_file/debug/manifest-merger-blame-debug-report.txt
1<?xml version="1.0" encoding="utf-8"?>
2<manifest xmlns:android="http://schemas.android.com/apk/res/android"
3    package="com.edukite"
4    android:versionCode="1"
5    android:versionName="1.0" >
6
7    <uses-sdk
8        android:minSdkVersion="16"
9        android:targetSdkVersion="29" />
10
11    <uses-permission android:name="android.permission.SYSTEM_ALERT_WINDOW" />
11-->src/debug/AndroidManifest.xml:5:5-77
11-->src/debug/AndroidManifest.xml:5:22-75
12    <uses-permission android:name="android.permission.INTERNET" />
12-->src/main/AndroidManifest.xml:4:5-67
12-->src/main/AndroidManifest.xml:4:22-64
13    <uses-permission android:name="android.permission.ACCESS_COARSE_LOCATION" />
13-->src/main/AndroidManifest.xml:5:5-81
13-->src/main/AndroidManifest.xml:5:22-78
14    <uses-permission android:name="android.permission.ACCESS_FINE_LOCATION" />
14-->src/main/AndroidManifest.xml:6:5-79
14-->src/main/AndroidManifest.xml:6:22-76
15    <uses-permission android:name="android.permission.VIBRATE" />
15-->src/main/AndroidManifest.xml:7:5-65
15-->src/main/AndroidManifest.xml:7:22-63
16    <uses-permission android:name="android.permission.CAMERA" />
16-->src/main/AndroidManifest.xml:8:5-65
16-->src/main/AndroidManifest.xml:8:22-62
17    <uses-permission android:name="android.permission.RECORD_AUDIO" />
17-->src/main/AndroidManifest.xml:9:5-70
17-->src/main/AndroidManifest.xml:9:22-68
18    <uses-permission android:name="android.permission.READ_EXTERNAL_STORAGE" />
18-->src/main/AndroidManifest.xml:10:3-78
18-->src/main/AndroidManifest.xml:10:20-75
19    <uses-permission android:name="android.permission.WRITE_EXTERNAL_STORAGE" />
19-->src/main/AndroidManifest.xml:11:3-79
19-->src/main/AndroidManifest.xml:11:20-76
20    <uses-permission android:name="android.permission.ACCESS_WIFI_STATE" />
20-->[com.facebook.flipper:flipper:0.33.1] AndroidManifest.xml:16:5-76
20-->[com.facebook.flipper:flipper:0.33.1] AndroidManifest.xml:16:22-73
21
22    <uses-feature
22-->[:react-native-camera] AndroidManifest.xml:11:5-13:36
23        android:name="android.hardware.camera"
23-->[:react-native-camera] AndroidManifest.xml:12:9-47
24        android:required="false" />
24-->[:react-native-camera] AndroidManifest.xml:13:9-33
25    <uses-feature
25-->[:react-native-camera] AndroidManifest.xml:14:5-16:36
26        android:name="android.hardware.camera.autofocus"
26-->[:react-native-camera] AndroidManifest.xml:15:9-57
27        android:required="false" /> <!-- Include required permissions for Google Maps API to run. -->
27-->[:react-native-camera] AndroidManifest.xml:16:9-33
28    <uses-permission android:name="android.permission.ACCESS_NETWORK_STATE" />
28-->[com.google.android.gms:play-services-maps:17.0.0] AndroidManifest.xml:23:5-79
28-->[com.google.android.gms:play-services-maps:17.0.0] AndroidManifest.xml:23:22-76
29
30    <uses-feature
30-->[com.google.android.gms:play-services-maps:17.0.0] AndroidManifest.xml:26:5-28:35
31        android:glEsVersion="0x00020000"
31-->[com.google.android.gms:play-services-maps:17.0.0] AndroidManifest.xml:27:9-41
32        android:required="true" />
32-->[com.google.android.gms:play-services-maps:17.0.0] AndroidManifest.xml:28:9-32
33
34    <application
34-->src/main/AndroidManifest.xml:12:5-35:19
35        android:name="com.edukite.MainApplication"
35-->src/main/AndroidManifest.xml:13:7-38
36        android:allowBackup="false"
36-->src/main/AndroidManifest.xml:17:7-34
37        android:appComponentFactory="androidx.core.app.CoreComponentFactory"
37-->[androidx.core:core:1.1.0] AndroidManifest.xml:24:18-86
38        android:debuggable="true"
39        android:icon="@mipmap/ic_launcher"
39-->src/main/AndroidManifest.xml:15:7-41
40        android:label="@string/app_name"
40-->src/main/AndroidManifest.xml:14:7-39
41        android:roundIcon="@mipmap/ic_launcher_round"
41-->src/main/AndroidManifest.xml:16:7-52
42        android:theme="@style/AppTheme"
42-->src/main/AndroidManifest.xml:18:7-38
43        android:usesCleartextTraffic="true" >
43-->src/debug/AndroidManifest.xml:7:18-53
44        <activity
44-->src/main/AndroidManifest.xml:19:7-29:18
45            android:name="com.edukite.MainActivity"
45-->src/main/AndroidManifest.xml:20:9-37
46            android:configChanges="keyboard|keyboardHidden|orientation|screenSize|uiMode"
46-->src/main/AndroidManifest.xml:22:9-86
47            android:label="@string/app_name"
47-->src/main/AndroidManifest.xml:21:9-41
48            android:launchMode="singleTask"
48-->src/main/AndroidManifest.xml:23:9-40
49            android:windowSoftInputMode="adjustResize" >
49-->src/main/AndroidManifest.xml:24:9-51
50            <intent-filter>
50-->src/main/AndroidManifest.xml:25:9-28:25
51                <action android:name="android.intent.action.MAIN" />
51-->src/main/AndroidManifest.xml:26:13-65
51-->src/main/AndroidManifest.xml:26:21-62
52
53                <category android:name="android.intent.category.LAUNCHER" />
53-->src/main/AndroidManifest.xml:27:13-73
53-->src/main/AndroidManifest.xml:27:23-70
54            </intent-filter>
55        </activity>
56        <activity android:name="com.facebook.react.devsupport.DevSettingsActivity" />
56-->src/main/AndroidManifest.xml:30:7-84
56-->src/main/AndroidManifest.xml:30:17-81
57
58        <meta-data
58-->src/main/AndroidManifest.xml:31:7-33:68
59            android:name="com.google.android.geo.API_KEY"
59-->src/main/AndroidManifest.xml:32:11-56
60            android:value="AIzaSyCUwYhBR1K2yJiSoL81mStDqWIWxsgp6gY" />
60-->src/main/AndroidManifest.xml:33:11-66
61
62        <uses-library
62-->src/main/AndroidManifest.xml:34:7-85
63            android:name="org.apache.http.legacy"
63-->src/main/AndroidManifest.xml:34:21-58
64            android:required="false" />
64-->src/main/AndroidManifest.xml:34:59-83
65
66        <activity
66-->[com.google.android.gms:play-services-base:17.0.0] AndroidManifest.xml:23:9-26:75
67            android:name="com.google.android.gms.common.api.GoogleApiActivity"
67-->[com.google.android.gms:play-services-base:17.0.0] AndroidManifest.xml:24:13-79
68            android:exported="false"
68-->[com.google.android.gms:play-services-base:17.0.0] AndroidManifest.xml:25:13-37
69            android:theme="@android:style/Theme.Translucent.NoTitleBar" />
69-->[com.google.android.gms:play-services-base:17.0.0] AndroidManifest.xml:26:13-72
70
71        <meta-data
71-->[com.google.android.gms:play-services-basement:17.0.0] AndroidManifest.xml:23:9-25:69
72            android:name="com.google.android.gms.version"
72-->[com.google.android.gms:play-services-basement:17.0.0] AndroidManifest.xml:24:13-58
73            android:value="@integer/google_play_services_version" />
73-->[com.google.android.gms:play-services-basement:17.0.0] AndroidManifest.xml:25:13-66
74    </application>
75
76</manifest>